# JRE version: Java(TM) SE Runtime Environment (8.0_31-b13) (build 1.8.0_31-b13)
# Java VM: Java HotSpot(TM) 64-Bit Server VM (25.31-b07 mixed mode windows-amd64 compressed oops)
Heap:
 PSYoungGen      total 73216K, used 23805K [0x00000000eb200000, 0x00000000f5c00000, 0x0000000100000000)
  eden space 65536K, 36% used [0x00000000eb200000,0x00000000ec93f4e8,0x00000000ef200000)
  from space 7680K, 0% used [0x00000000ef200000,0x00000000ef200000,0x00000000ef980000)
  to   space 21504K, 0% used [0x00000000f4700000,0x00000000f4700000,0x00000000f5c00000)
 ParOldGen       total 85504K, used 41632K [0x00000000c1600000, 0x00000000c6980000, 0x00000000eb200000)
  object space 85504K, 48% used [0x00000000c1600000,0x00000000c3ea82e8,0x00000000c6980000)
 Metaspace       used 14978K, capacity 15178K, committed 15488K, reserved 1062912K
  class space    used 1808K, capacity 1864K, committed 1920K, reserved 1048576K
GC Heap History (10 events):
Event: 2.670 GC heap before
{Heap before GC invocations=4 (full 0):
 PSYoungGen      total 18944K, used 18916K [0x00000000eb200000, 0x00000000ed700000, 0x0000000100000000)
  eden space 16384K, 100% used [0x00000000eb200000,0x00000000ec200000,0x00000000ec200000)
  from space 2560K, 98% used [0x00000000ec200000,0x00000000ec479140,0x00000000ec480000)
  to   space 2560K, 0% used [0x00000000ed480000,0x00000000ed480000,0x00000000ed700000)
 ParOldGen       total 44032K, used 10181K [0x00000000c1600000, 0x00000000c4100000, 0x00000000eb200000)
  object space 44032K, 23% used [0x00000000c1600000,0x00000000c1ff1478,0x00000000c4100000)
 Metaspace       used 8956K, capacity 9140K, committed 9472K, reserved 1056768K
  class space    used 1096K, capacity 1157K, committed 1280K, reserved 1048576K
Event: 2.679 GC heap after
Heap after GC invocations=4 (full 0):
 PSYoungGen      total 35328K, used 2532K [0x00000000eb200000, 0x00000000ed700000, 0x0000000100000000)
  eden space 32768K, 0% used [0x00000000eb200000,0x00000000eb200000,0x00000000ed200000)
  from space 2560K, 98% used [0x00000000ed480000,0x00000000ed6f9140,0x00000000ed700000)
  to   space 2560K, 0% used [0x00000000ed200000,0x00000000ed200000,0x00000000ed480000)
 ParOldGen       total 44032K, used 14290K [0x00000000c1600000, 0x00000000c4100000, 0x00000000eb200000)
  object space 44032K, 32% used [0x00000000c1600000,0x00000000c23f4808,0x00000000c4100000)
 Metaspace       used 8956K, capacity 9140K, committed 9472K, reserved 1056768K
  class space    used 1096K, capacity 1157K, committed 1280K, reserved 1048576K
}
Event: 9.175 GC heap before
{Heap before GC invocations=5 (full 0):
 PSYoungGen      total 35328K, used 35052K [0x00000000eb200000, 0x00000000ed700000, 0x0000000100000000)
  eden space 32768K, 99% used [0x00000000eb200000,0x00000000ed1c1ff0,0x00000000ed200000)
  from space 2560K, 98% used [0x00000000ed480000,0x00000000ed6f9140,0x00000000ed700000)
  to   space 2560K, 0% used [0x00000000ed200000,0x00000000ed200000,0x00000000ed480000)
 ParOldGen       total 44032K, used 14290K [0x00000000c1600000, 0x00000000c4100000, 0x00000000eb200000)
  object space 44032K, 32% used [0x00000000c1600000,0x00000000c23f4808,0x00000000c4100000)
 Metaspace       used 13023K, capacity 13222K, committed 13568K, reserved 1060864K
  class space    used 1640K, capacity 1704K, committed 1792K, reserved 1048576K
Event: 9.190 GC heap after
Heap after GC invocations=5 (full 0):
 PSYoungGen      total 35328K, used 2530K [0x00000000eb200000, 0x00000000f0100000, 0x0000000100000000)
  eden space 32768K, 0% used [0x00000000eb200000,0x00000000eb200000,0x00000000ed200000)
  from space 2560K, 98% used [0x00000000ed200000,0x00000000ed478850,0x00000000ed480000)
  to   space 7680K, 0% used [0x00000000ef980000,0x00000000ef980000,0x00000000f0100000)
 ParOldGen       total 44032K, used 17893K [0x00000000c1600000, 0x00000000c4100000, 0x00000000eb200000)
  object space 44032K, 40% used [0x00000000c1600000,0x00000000c2779618,0x00000000c4100000)
 Metaspace       used 13023K, capacity 13222K, committed 13568K, reserved 1060864K
  class space    used 1640K, capacity 1704K, committed 1792K, reserved 1048576K
}
Event: 13.600 GC heap before
{Heap before GC invocations=6 (full 0):
 PSYoungGen      total 35328K, used 35298K [0x00000000eb200000, 0x00000000f0100000, 0x0000000100000000)
  eden space 32768K, 100% used [0x00000000eb200000,0x00000000ed200000,0x00000000ed200000)
  from space 2560K, 98% used [0x00000000ed200000,0x00000000ed478850,0x00000000ed480000)
  to   space 7680K, 0% used [0x00000000ef980000,0x00000000ef980000,0x00000000f0100000)
 ParOldGen       total 44032K, used 17893K [0x00000000c1600000, 0x00000000c4100000, 0x00000000eb200000)
  object space 44032K, 40% used [0x00000000c1600000,0x00000000c2779618,0x00000000c4100000)
 Metaspace       used 13455K, capacity 13612K, committed 13824K, reserved 1060864K
  class space    used 1664K, capacity 1705K, committed 1792K, reserved 1048576K
Event: 13.613 GC heap after
Heap after GC invocations=6 (full 0):
 PSYoungGen      total 73216K, used 6308K [0x00000000eb200000, 0x00000000f0100000, 0x0000000100000000)
  eden space 65536K, 0% used [0x00000000eb200000,0x00000000eb200000,0x00000000ef200000)
  from space 7680K, 82% used [0x00000000ef980000,0x00000000effa91b8,0x00000000f0100000)
  to   space 7680K, 0% used [0x00000000ef200000,0x00000000ef200000,0x00000000ef980000)
 ParOldGen       total 44032K, used 17893K [0x00000000c1600000, 0x00000000c4100000, 0x00000000eb200000)
  object space 44032K, 40% used [0x00000000c1600000,0x00000000c2779618,0x00000000c4100000)
 Metaspace       used 13455K, capacity 13612K, committed 13824K, reserved 1060864K
  class space    used 1664K, capacity 1705K, committed 1792K, reserved 1048576K
}
Event: 16.781 GC heap before
{Heap before GC invocations=7 (full 0):
 PSYoungGen      total 73216K, used 71844K [0x00000000eb200000, 0x00000000f0100000, 0x0000000100000000)
  eden space 65536K, 100% used [0x00000000eb200000,0x00000000ef200000,0x00000000ef200000)
  from space 7680K, 82% used [0x00000000ef980000,0x00000000effa91b8,0x00000000f0100000)
  to   space 7680K, 0% used [0x00000000ef200000,0x00000000ef200000,0x00000000ef980000)
 ParOldGen       total 44032K, used 17893K [0x00000000c1600000, 0x00000000c4100000, 0x00000000eb200000)
  object space 44032K, 40% used [0x00000000c1600000,0x00000000c2779618,0x00000000c4100000)
 Metaspace       used 14635K, capacity 14860K, committed 14976K, reserved 1062912K
  class space    used 1800K, capacity 1865K, committed 1920K, reserved 1048576K
Event: 16.963 GC heap after
Heap after GC invocations=7 (full 0):
 PSYoungGen      total 73216K, used 7653K [0x00000000eb200000, 0x00000000f5c00000, 0x0000000100000000)
  eden space 65536K, 0% used [0x00000000eb200000,0x00000000eb200000,0x00000000ef200000)
  from space 7680K, 99% used [0x00000000ef200000,0x00000000ef9794e0,0x00000000ef980000)
  to   space 21504K, 0% used [0x00000000f4700000,0x00000000f4700000,0x00000000f5c00000)
 ParOldGen       total 45056K, used 44645K [0x00000000c1600000, 0x00000000c4200000, 0x00000000eb200000)
  object space 45056K, 99% used [0x00000000c1600000,0x00000000c4199600,0x00000000c4200000)
 Metaspace       used 14635K, capacity 14860K, committed 14976K, reserved 1062912K
  class space    used 1800K, capacity 1865K, committed 1920K, reserved 1048576K
}
Event: 16.963 GC heap before
{Heap before GC invocations=8 (full 1):
 PSYoungGen      total 73216K, used 7653K [0x00000000eb200000, 0x00000000f5c00000, 0x0000000100000000)
  eden space 65536K, 0% used [0x00000000eb200000,0x00000000eb200000,0x00000000ef200000)
  from space 7680K, 99% used [0x00000000ef200000,0x00000000ef9794e0,0x00000000ef980000)
  to   space 21504K, 0% used [0x00000000f4700000,0x00000000f4700000,0x00000000f5c00000)
 ParOldGen       total 45056K, used 44645K [0x00000000c1600000, 0x00000000c4200000, 0x00000000eb200000)
  object space 45056K, 99% used [0x00000000c1600000,0x00000000c4199600,0x00000000c4200000)
 Metaspace       used 14635K, capacity 14860K, committed 14976K, reserved 1062912K
  class space    used 1800K, capacity 1865K, committed 1920K, reserved 1048576K
Event: 17.788 GC heap after
Heap after GC invocations=8 (full 1):
 PSYoungGen      total 73216K, used 0K [0x00000000eb200000, 0x00000000f5c00000, 0x0000000100000000)
  eden space 65536K, 0% used [0x00000000eb200000,0x00000000eb200000,0x00000000ef200000)
  from space 7680K, 0% used [0x00000000ef200000,0x00000000ef200000,0x00000000ef980000)
  to   space 21504K, 0% used [0x00000000f4700000,0x00000000f4700000,0x00000000f5c00000)
 ParOldGen       total 85504K, used 41632K [0x00000000c1600000, 0x00000000c6980000, 0x00000000eb200000)
  object space 85504K, 48% used [0x00000000c1600000,0x00000000c3ea82e8,0x00000000c6980000)
 Metaspace       used 14634K, capacity 14858K, committed 14976K, reserved 1062912K
  class space    used 1799K, capacity 1864K, committed 1920K, reserved 1048576K
}

