# JRE version: Java(TM) SE Runtime Environment (8.0_31-b13) (build 1.8.0_31-b13)
# Java VM: Java HotSpot(TM) 64-Bit Server VM (25.31-b07 mixed mode windows-amd64 compressed oops)
Heap:
 PSYoungGen      total 109568K, used 53844K [0x00000000eb200000, 0x00000000f5e00000, 0x0000000100000000)
  eden space 87040K, 35% used [0x00000000eb200000,0x00000000ed097c58,0x00000000f0700000)
  from space 22528K, 99% used [0x00000000f4800000,0x00000000f5dfd638,0x00000000f5e00000)
  to   space 30208K, 0% used [0x00000000f2300000,0x00000000f2300000,0x00000000f4080000)
 ParOldGen       total 84992K, used 49293K [0x00000000c1600000, 0x00000000c6900000, 0x00000000eb200000)
  object space 84992K, 57% used [0x00000000c1600000,0x00000000c46237f8,0x00000000c6900000)
 Metaspace       used 15010K, capacity 15178K, committed 15488K, reserved 1062912K
  class space    used 1802K, capacity 1864K, committed 1920K, reserved 1048576K
GC Heap History (10 events):
Event: 8.365 GC heap before
{Heap before GC invocations=5 (full 0):
 PSYoungGen      total 35328K, used 35270K [0x00000000eb200000, 0x00000000ed700000, 0x0000000100000000)
  eden space 32768K, 99% used [0x00000000eb200000,0x00000000ed1f4a98,0x00000000ed200000)
  from space 2560K, 99% used [0x00000000ed480000,0x00000000ed6fd130,0x00000000ed700000)
  to   space 2560K, 0% used [0x00000000ed200000,0x00000000ed200000,0x00000000ed480000)
 ParOldGen       total 44032K, used 14282K [0x00000000c1600000, 0x00000000c4100000, 0x00000000eb200000)
  object space 44032K, 32% used [0x00000000c1600000,0x00000000c23f2808,0x00000000c4100000)
 Metaspace       used 13032K, capacity 13222K, committed 13568K, reserved 1060864K
  class space    used 1638K, capacity 1704K, committed 1792K, reserved 1048576K
Event: 8.382 GC heap after
Heap after GC invocations=5 (full 0):
 PSYoungGen      total 35328K, used 2529K [0x00000000eb200000, 0x00000000f0300000, 0x0000000100000000)
  eden space 32768K, 0% used [0x00000000eb200000,0x00000000eb200000,0x00000000ed200000)
  from space 2560K, 98% used [0x00000000ed200000,0x00000000ed478480,0x00000000ed480000)
  to   space 8704K, 0% used [0x00000000efa80000,0x00000000efa80000,0x00000000f0300000)
 ParOldGen       total 44032K, used 17789K [0x00000000c1600000, 0x00000000c4100000, 0x00000000eb200000)
  object space 44032K, 40% used [0x00000000c1600000,0x00000000c275f750,0x00000000c4100000)
 Metaspace       used 13032K, capacity 13222K, committed 13568K, reserved 1060864K
  class space    used 1638K, capacity 1704K, committed 1792K, reserved 1048576K
}
Event: 12.805 GC heap before
{Heap before GC invocations=6 (full 0):
 PSYoungGen      total 35328K, used 35297K [0x00000000eb200000, 0x00000000f0300000, 0x0000000100000000)
  eden space 32768K, 100% used [0x00000000eb200000,0x00000000ed200000,0x00000000ed200000)
  from space 2560K, 98% used [0x00000000ed200000,0x00000000ed478480,0x00000000ed480000)
  to   space 8704K, 0% used [0x00000000efa80000,0x00000000efa80000,0x00000000f0300000)
 ParOldGen       total 44032K, used 17789K [0x00000000c1600000, 0x00000000c4100000, 0x00000000eb200000)
  object space 44032K, 40% used [0x00000000c1600000,0x00000000c275f750,0x00000000c4100000)
 Metaspace       used 13488K, capacity 13612K, committed 13824K, reserved 1060864K
  class space    used 1662K, capacity 1705K, committed 1792K, reserved 1048576K
Event: 12.818 GC heap after
Heap after GC invocations=6 (full 0):
 PSYoungGen      total 74240K, used 6150K [0x00000000eb200000, 0x00000000f0300000, 0x0000000100000000)
  eden space 65536K, 0% used [0x00000000eb200000,0x00000000eb200000,0x00000000ef200000)
  from space 8704K, 70% used [0x00000000efa80000,0x00000000f0081998,0x00000000f0300000)
  to   space 8704K, 0% used [0x00000000ef200000,0x00000000ef200000,0x00000000efa80000)
 ParOldGen       total 44032K, used 17789K [0x00000000c1600000, 0x00000000c4100000, 0x00000000eb200000)
  object space 44032K, 40% used [0x00000000c1600000,0x00000000c275f750,0x00000000c4100000)
 Metaspace       used 13488K, capacity 13612K, committed 13824K, reserved 1060864K
  class space    used 1662K, capacity 1705K, committed 1792K, reserved 1048576K
}
Event: 16.053 GC heap before
{Heap before GC invocations=7 (full 0):
 PSYoungGen      total 74240K, used 71686K [0x00000000eb200000, 0x00000000f0300000, 0x0000000100000000)
  eden space 65536K, 100% used [0x00000000eb200000,0x00000000ef200000,0x00000000ef200000)
  from space 8704K, 70% used [0x00000000efa80000,0x00000000f0081998,0x00000000f0300000)
  to   space 8704K, 0% used [0x00000000ef200000,0x00000000ef200000,0x00000000efa80000)
 ParOldGen       total 44032K, used 17789K [0x00000000c1600000, 0x00000000c4100000, 0x00000000eb200000)
  object space 44032K, 40% used [0x00000000c1600000,0x00000000c275f750,0x00000000c4100000)
 Metaspace       used 14670K, capacity 14860K, committed 14976K, reserved 1062912K
  class space    used 1794K, capacity 1865K, committed 1920K, reserved 1048576K
Event: 16.247 GC heap after
Heap after GC invocations=7 (full 0):
 PSYoungGen      total 74240K, used 8679K [0x00000000eb200000, 0x00000000f5e00000, 0x0000000100000000)
  eden space 65536K, 0% used [0x00000000eb200000,0x00000000eb200000,0x00000000ef200000)
  from space 8704K, 99% used [0x00000000ef200000,0x00000000efa79cc0,0x00000000efa80000)
  to   space 22528K, 0% used [0x00000000f4800000,0x00000000f4800000,0x00000000f5e00000)
 ParOldGen       total 44032K, used 43274K [0x00000000c1600000, 0x00000000c4100000, 0x00000000eb200000)
  object space 44032K, 98% used [0x00000000c1600000,0x00000000c4042a50,0x00000000c4100000)
 Metaspace       used 14670K, capacity 14860K, committed 14976K, reserved 1062912K
  class space    used 1794K, capacity 1865K, committed 1920K, reserved 1048576K
}
Event: 16.247 GC heap before
{Heap before GC invocations=8 (full 1):
 PSYoungGen      total 74240K, used 8679K [0x00000000eb200000, 0x00000000f5e00000, 0x0000000100000000)
  eden space 65536K, 0% used [0x00000000eb200000,0x00000000eb200000,0x00000000ef200000)
  from space 8704K, 99% used [0x00000000ef200000,0x00000000efa79cc0,0x00000000efa80000)
  to   space 22528K, 0% used [0x00000000f4800000,0x00000000f4800000,0x00000000f5e00000)
 ParOldGen       total 44032K, used 43274K [0x00000000c1600000, 0x00000000c4100000, 0x00000000eb200000)
  object space 44032K, 98% used [0x00000000c1600000,0x00000000c4042a50,0x00000000c4100000)
 Metaspace       used 14670K, capacity 14860K, committed 14976K, reserved 1062912K
  class space    used 1794K, capacity 1865K, committed 1920K, reserved 1048576K
Event: 17.043 GC heap after
Heap after GC invocations=8 (full 1):
 PSYoungGen      total 74240K, used 0K [0x00000000eb200000, 0x00000000f5e00000, 0x0000000100000000)
  eden space 65536K, 0% used [0x00000000eb200000,0x00000000eb200000,0x00000000ef200000)
  from space 8704K, 0% used [0x00000000ef200000,0x00000000ef200000,0x00000000efa80000)
  to   space 22528K, 0% used [0x00000000f4800000,0x00000000f4800000,0x00000000f5e00000)
 ParOldGen       total 84992K, used 41437K [0x00000000c1600000, 0x00000000c6900000, 0x00000000eb200000)
  object space 84992K, 48% used [0x00000000c1600000,0x00000000c3e777f8,0x00000000c6900000)
 Metaspace       used 14669K, capacity 14858K, committed 14976K, reserved 1062912K
  class space    used 1793K, capacity 1864K, committed 1920K, reserved 1048576K
}
Event: 26.677 GC heap before
{Heap before GC invocations=9 (full 1):
 PSYoungGen      total 74240K, used 65536K [0x00000000eb200000, 0x00000000f5e00000, 0x0000000100000000)
  eden space 65536K, 100% used [0x00000000eb200000,0x00000000ef200000,0x00000000ef200000)
  from space 8704K, 0% used [0x00000000ef200000,0x00000000ef200000,0x00000000efa80000)
  to   space 22528K, 0% used [0x00000000f4800000,0x00000000f4800000,0x00000000f5e00000)
 ParOldGen       total 84992K, used 41437K [0x00000000c1600000, 0x00000000c6900000, 0x00000000eb200000)
  object space 84992K, 48% used [0x00000000c1600000,0x00000000c3e777f8,0x00000000c6900000)
 Metaspace       used 14893K, capacity 15114K, committed 15232K, reserved 1062912K
  class space    used 1802K, capacity 1864K, committed 1920K, reserved 1048576K
Event: 26.910 GC heap after
Heap after GC invocations=9 (full 1):
 PSYoungGen      total 109568K, used 22517K [0x00000000eb200000, 0x00000000f5e00000, 0x0000000100000000)
  eden space 87040K, 0% used [0x00000000eb200000,0x00000000eb200000,0x00000000f0700000)
  from space 22528K, 99% used [0x00000000f4800000,0x00000000f5dfd638,0x00000000f5e00000)
  to   space 30208K, 0% used [0x00000000f2300000,0x00000000f2300000,0x00000000f4080000)
 ParOldGen       total 84992K, used 49293K [0x00000000c1600000, 0x00000000c6900000, 0x00000000eb200000)
  object space 84992K, 57% used [0x00000000c1600000,0x00000000c46237f8,0x00000000c6900000)
 Metaspace       used 14893K, capacity 15114K, committed 15232K, reserved 1062912K
  class space    used 1802K, capacity 1864K, committed 1920K, reserved 1048576K
}

