# JRE version: Java(TM) SE Runtime Environment (8.0_31-b13) (build 1.8.0_31-b13)
# Java VM: Java HotSpot(TM) 64-Bit Server VM (25.31-b07 mixed mode windows-amd64 compressed oops)
Heap:
 PSYoungGen      total 128000K, used 71440K [0x00000000eb200000, 0x00000000f5980000, 0x0000000100000000)
  eden space 100864K, 43% used [0x00000000eb200000,0x00000000edd45b10,0x00000000f1480000)
  from space 27136K, 99% used [0x00000000f2800000,0x00000000f427e780,0x00000000f4280000)
  to   space 23552K, 0% used [0x00000000f4280000,0x00000000f4280000,0x00000000f5980000)
 ParOldGen       total 87040K, used 51959K [0x00000000c1600000, 0x00000000c6b00000, 0x00000000eb200000)
  object space 87040K, 59% used [0x00000000c1600000,0x00000000c48bdfa8,0x00000000c6b00000)
 Metaspace       used 15101K, capacity 15242K, committed 15488K, reserved 1062912K
  class space    used 1801K, capacity 1864K, committed 1920K, reserved 1048576K
GC Heap History (10 events):
Event: 13.754 GC heap before
{Heap before GC invocations=6 (full 0):
 PSYoungGen      total 35328K, used 35156K [0x00000000eb200000, 0x00000000f0100000, 0x0000000100000000)
  eden space 32768K, 99% used [0x00000000eb200000,0x00000000ed1d8e38,0x00000000ed200000)
  from space 2560K, 99% used [0x00000000ed200000,0x00000000ed47c470,0x00000000ed480000)
  to   space 7680K, 0% used [0x00000000ef980000,0x00000000ef980000,0x00000000f0100000)
 ParOldGen       total 44032K, used 17816K [0x00000000c1600000, 0x00000000c4100000, 0x00000000eb200000)
  object space 44032K, 40% used [0x00000000c1600000,0x00000000c27660b0,0x00000000c4100000)
 Metaspace       used 13132K, capacity 13350K, committed 13568K, reserved 1060864K
  class space    used 1636K, capacity 1704K, committed 1792K, reserved 1048576K
Event: 13.765 GC heap after
Heap after GC invocations=6 (full 0):
 PSYoungGen      total 72704K, used 3471K [0x00000000eb200000, 0x00000000f0200000, 0x0000000100000000)
  eden space 65024K, 0% used [0x00000000eb200000,0x00000000eb200000,0x00000000ef180000)
  from space 7680K, 45% used [0x00000000ef980000,0x00000000efce3cb0,0x00000000f0100000)
  to   space 8192K, 0% used [0x00000000ef180000,0x00000000ef180000,0x00000000ef980000)
 ParOldGen       total 44032K, used 17824K [0x00000000c1600000, 0x00000000c4100000, 0x00000000eb200000)
  object space 44032K, 40% used [0x00000000c1600000,0x00000000c27680b0,0x00000000c4100000)
 Metaspace       used 13132K, capacity 13350K, committed 13568K, reserved 1060864K
  class space    used 1636K, capacity 1704K, committed 1792K, reserved 1048576K
}
Event: 19.333 GC heap before
{Heap before GC invocations=7 (full 0):
 PSYoungGen      total 72704K, used 68495K [0x00000000eb200000, 0x00000000f0200000, 0x0000000100000000)
  eden space 65024K, 100% used [0x00000000eb200000,0x00000000ef180000,0x00000000ef180000)
  from space 7680K, 45% used [0x00000000ef980000,0x00000000efce3cb0,0x00000000f0100000)
  to   space 8192K, 0% used [0x00000000ef180000,0x00000000ef180000,0x00000000ef980000)
 ParOldGen       total 44032K, used 17824K [0x00000000c1600000, 0x00000000c4100000, 0x00000000eb200000)
  object space 44032K, 40% used [0x00000000c1600000,0x00000000c27680b0,0x00000000c4100000)
 Metaspace       used 14709K, capacity 14924K, committed 15232K, reserved 1062912K
  class space    used 1792K, capacity 1865K, committed 1920K, reserved 1048576K
Event: 19.505 GC heap after
Heap after GC invocations=7 (full 0):
 PSYoungGen      total 73216K, used 8167K [0x00000000eb200000, 0x00000000f5d00000, 0x0000000100000000)
  eden space 65024K, 0% used [0x00000000eb200000,0x00000000eb200000,0x00000000ef180000)
  from space 8192K, 99% used [0x00000000ef180000,0x00000000ef979cc0,0x00000000ef980000)
  to   space 22528K, 0% used [0x00000000f4700000,0x00000000f4700000,0x00000000f5d00000)
 ParOldGen       total 44032K, used 43980K [0x00000000c1600000, 0x00000000c4100000, 0x00000000eb200000)
  object space 44032K, 99% used [0x00000000c1600000,0x00000000c40f3100,0x00000000c4100000)
 Metaspace       used 14709K, capacity 14924K, committed 15232K, reserved 1062912K
  class space    used 1792K, capacity 1865K, committed 1920K, reserved 1048576K
}
Event: 19.505 GC heap before
{Heap before GC invocations=8 (full 1):
 PSYoungGen      total 73216K, used 8167K [0x00000000eb200000, 0x00000000f5d00000, 0x0000000100000000)
  eden space 65024K, 0% used [0x00000000eb200000,0x00000000eb200000,0x00000000ef180000)
  from space 8192K, 99% used [0x00000000ef180000,0x00000000ef979cc0,0x00000000ef980000)
  to   space 22528K, 0% used [0x00000000f4700000,0x00000000f4700000,0x00000000f5d00000)
 ParOldGen       total 44032K, used 43980K [0x00000000c1600000, 0x00000000c4100000, 0x00000000eb200000)
  object space 44032K, 99% used [0x00000000c1600000,0x00000000c40f3100,0x00000000c4100000)
 Metaspace       used 14709K, capacity 14924K, committed 15232K, reserved 1062912K
  class space    used 1792K, capacity 1865K, committed 1920K, reserved 1048576K
Event: 20.423 GC heap after
Heap after GC invocations=8 (full 1):
 PSYoungGen      total 73216K, used 0K [0x00000000eb200000, 0x00000000f5d00000, 0x0000000100000000)
  eden space 65024K, 0% used [0x00000000eb200000,0x00000000eb200000,0x00000000ef180000)
  from space 8192K, 0% used [0x00000000ef180000,0x00000000ef180000,0x00000000ef980000)
  to   space 22528K, 0% used [0x00000000f4700000,0x00000000f4700000,0x00000000f5d00000)
 ParOldGen       total 87040K, used 41071K [0x00000000c1600000, 0x00000000c6b00000, 0x00000000eb200000)
  object space 87040K, 47% used [0x00000000c1600000,0x00000000c3e1bfa8,0x00000000c6b00000)
 Metaspace       used 14707K, capacity 14922K, committed 15232K, reserved 1062912K
  class space    used 1792K, capacity 1864K, committed 1920K, reserved 1048576K
}
Event: 27.025 GC heap before
{Heap before GC invocations=9 (full 1):
 PSYoungGen      total 73216K, used 65024K [0x00000000eb200000, 0x00000000f5d00000, 0x0000000100000000)
  eden space 65024K, 100% used [0x00000000eb200000,0x00000000ef180000,0x00000000ef180000)
  from space 8192K, 0% used [0x00000000ef180000,0x00000000ef180000,0x00000000ef980000)
  to   space 22528K, 0% used [0x00000000f4700000,0x00000000f4700000,0x00000000f5d00000)
 ParOldGen       total 87040K, used 41071K [0x00000000c1600000, 0x00000000c6b00000, 0x00000000eb200000)
  object space 87040K, 47% used [0x00000000c1600000,0x00000000c3e1bfa8,0x00000000c6b00000)
 Metaspace       used 14924K, capacity 15114K, committed 15232K, reserved 1062912K
  class space    used 1801K, capacity 1864K, committed 1920K, reserved 1048576K
Event: 27.197 GC heap after
Heap after GC invocations=9 (full 1):
 PSYoungGen      total 105984K, used 22513K [0x00000000eb200000, 0x00000000f5d00000, 0x0000000100000000)
  eden space 83456K, 0% used [0x00000000eb200000,0x00000000eb200000,0x00000000f0380000)
  from space 22528K, 99% used [0x00000000f4700000,0x00000000f5cfc628,0x00000000f5d00000)
  to   space 27136K, 0% used [0x00000000f2800000,0x00000000f2800000,0x00000000f4280000)
 ParOldGen       total 87040K, used 42223K [0x00000000c1600000, 0x00000000c6b00000, 0x00000000eb200000)
  object space 87040K, 48% used [0x00000000c1600000,0x00000000c3f3bfa8,0x00000000c6b00000)
 Metaspace       used 14924K, capacity 15114K, committed 15232K, reserved 1062912K
  class space    used 1801K, capacity 1864K, committed 1920K, reserved 1048576K
}
Event: 33.059 GC heap before
{Heap before GC invocations=10 (full 1):
 PSYoungGen      total 105984K, used 105969K [0x00000000eb200000, 0x00000000f5d00000, 0x0000000100000000)
  eden space 83456K, 100% used [0x00000000eb200000,0x00000000f0380000,0x00000000f0380000)
  from space 22528K, 99% used [0x00000000f4700000,0x00000000f5cfc628,0x00000000f5d00000)
  to   space 27136K, 0% used [0x00000000f2800000,0x00000000f2800000,0x00000000f4280000)
 ParOldGen       total 87040K, used 42223K [0x00000000c1600000, 0x00000000c6b00000, 0x00000000eb200000)
  object space 87040K, 48% used [0x00000000c1600000,0x00000000c3f3bfa8,0x00000000c6b00000)
 Metaspace       used 15012K, capacity 15178K, committed 15488K, reserved 1062912K
  class space    used 1801K, capacity 1864K, committed 1920K, reserved 1048576K
Event: 33.323 GC heap after
Heap after GC invocations=10 (full 1):
 PSYoungGen      total 128000K, used 27129K [0x00000000eb200000, 0x00000000f5980000, 0x0000000100000000)
  eden space 100864K, 0% used [0x00000000eb200000,0x00000000eb200000,0x00000000f1480000)
  from space 27136K, 99% used [0x00000000f2800000,0x00000000f427e780,0x00000000f4280000)
  to   space 23552K, 0% used [0x00000000f4280000,0x00000000f4280000,0x00000000f5980000)
 ParOldGen       total 87040K, used 51959K [0x00000000c1600000, 0x00000000c6b00000, 0x00000000eb200000)
  object space 87040K, 59% used [0x00000000c1600000,0x00000000c48bdfa8,0x00000000c6b00000)
 Metaspace       used 15012K, capacity 15178K, committed 15488K, reserved 1062912K
  class space    used 1801K, capacity 1864K, committed 1920K, reserved 1048576K
}

